<?xml version="1.0" encoding="UTF-8"?>
<!-- Generated by org.testng.reporters.JUnitXMLReporter -->
<testsuite ignored="0" hostname="DESKTOP-QM5GHSN" failures="0" tests="3" name="Default test" time="0.077" errors="0" timestamp="2022-02-16T10:31:55 IST">
  <testcase classname="demo.testng.ParamswithDP" name="login" time="0.008"/>
  <testcase classname="demo.testng.ParamswithDP" name="login" time="0.002"/>
  <testcase classname="demo.testng.ParamswithDP" name="login" time="0.002"/>
</testsuite> <!-- Default test -->
