<?xml version="1.0" encoding="UTF-8"?>
<!-- Generated by org.testng.reporters.JUnitXMLReporter -->
<testsuite ignored="3" hostname="DESKTOP-QM5GHSN" failures="0" tests="3" name="Test1" time="0.072" errors="0" timestamp="2022-02-15T17:14:50 IST">
  <testcase classname="demo.testng.Demo2" name="openApplication" time="0.009"/>
  <testcase classname="demo.testng.Demo2" name="login" time="0.001"/>
  <testcase classname="demo.testng.Demo2" name="closeApplication" time="0.002"/>
  <testcase classname="demo.testng.Demo2" name="sendMail" time="0.0">
    <ignored/>
  </testcase> <!-- sendMail -->
  <testcase classname="demo.testng.Demo2" name="logout" time="0.0">
    <ignored/>
  </testcase> <!-- logout -->
  <testcase classname="demo.testng.Demo2" name="deleteMail" time="0.0">
    <ignored/>
  </testcase> <!-- deleteMail -->
</testsuite> <!-- Test1 -->
