<?xml version="1.0" encoding="UTF-8"?>
<!-- Generated by org.testng.reporters.JUnitXMLReporter -->
<testsuite ignored="0" hostname="DESKTOP-QM5GHSN" failures="0" tests="6" name="Test" time="0.067" errors="0" timestamp="2022-02-15T12:02:18 IST">
  <testcase classname="demo.testng.SAmple1" name="test1" time="0.005"/>
  <testcase classname="demo.testng.SAmple1" name="test2" time="0.002"/>
  <testcase classname="demo.testng.SAmple1" name="test3" time="0.002"/>
  <testcase classname="demo.testng.SAmple2" name="test1" time="0.001"/>
  <testcase classname="demo.testng.SAmple2" name="test2" time="0.001"/>
  <testcase classname="demo.testng.SAmple2" name="test3" time="0.002"/>
</testsuite> <!-- Test -->
