<?xml version="1.0" encoding="UTF-8"?>
<testng-results ignored="0" total="3" passed="3" failed="0" skipped="0">
  <reporter-output>
  </reporter-output>
  <suite started-at="2022-02-16T10:31:54 IST" name="Default suite" finished-at="2022-02-16T10:31:54 IST" duration-ms="77">
    <groups>
    </groups>
    <test started-at="2022-02-16T10:31:54 IST" name="Default test" finished-at="2022-02-16T10:31:54 IST" duration-ms="77">
      <class name="demo.testng.ParamswithDP">
        <test-method signature="login(java.lang.String,java.lang.String)[pri:0, instance:demo.testng.ParamswithDP@123ef382]" started-at="2022-02-16T10:31:54 IST" name="login" data-provider="data1" finished-at="2022-02-16T10:31:54 IST" duration-ms="8" status="PASS">
          <params>
            <param index="0">
              <value>
                <![CDATA[username1]]>
              </value>
            </param>
            <param index="1">
              <value>
                <![CDATA[password1]]>
              </value>
            </param>
          </params>
          <reporter-output>
          </reporter-output>
        </test-method> <!-- login -->
        <test-method signature="login(java.lang.String,java.lang.String)[pri:0, instance:demo.testng.ParamswithDP@123ef382]" started-at="2022-02-16T10:31:54 IST" name="login" data-provider="data1" finished-at="2022-02-16T10:31:54 IST" duration-ms="2" status="PASS">
          <params>
            <param index="0">
              <value>
                <![CDATA[username2]]>
              </value>
            </param>
            <param index="1">
              <value>
                <![CDATA[password2]]>
              </value>
            </param>
          </params>
          <reporter-output>
          </reporter-output>
        </test-method> <!-- login -->
        <test-method signature="login(java.lang.String,java.lang.String)[pri:0, instance:demo.testng.ParamswithDP@123ef382]" started-at="2022-02-16T10:31:54 IST" name="login" data-provider="data1" finished-at="2022-02-16T10:31:54 IST" duration-ms="2" status="PASS">
          <params>
            <param index="0">
              <value>
                <![CDATA[username3]]>
              </value>
            </param>
            <param index="1">
              <value>
                <![CDATA[password3]]>
              </value>
            </param>
          </params>
          <reporter-output>
          </reporter-output>
        </test-method> <!-- login -->
      </class> <!-- demo.testng.ParamswithDP -->
    </test> <!-- Default test -->
  </suite> <!-- Default suite -->
</testng-results>
