<?xml version="1.0" encoding="UTF-8"?>
<!-- Generated by org.testng.reporters.JUnitReportReporter -->
<testsuite hostname="DESKTOP-QM5GHSN" failures="0" tests="3" name="demo.testng.SAmple1" time="0.011" errors="0" timestamp="2022-02-15T12:10:46 IST" skipped="0">
  <testcase classname="demo.testng.SAmple1" name="test1" time="0.008"/>
  <system-out/>
  <testcase classname="demo.testng.SAmple1" name="test3" time="0.001"/>
  <system-out/>
  <testcase classname="demo.testng.SAmple1" name="test2" time="0.002"/>
  <system-out/>
</testsuite> <!-- demo.testng.SAmple1 -->
